<?xml version="1.0" encoding="UTF-8"?>
<!-- Generated by org.testng.reporters.JUnitReportReporter -->
<testsuite hostname="LAPTOP-O53IEP09" failures="0" tests="1" name="testCases.CartPageTest" time="6.296" errors="0" timestamp="2024-04-22T18:57:25 IST" skipped="0">
  <testcase classname="testCases.CartPageTest" name="verifyCartPageURLTest" time="6.296"/>
  <system-out>
    <![CDATA[the title of cart page is equal = https://www.saucedemo.com/cart.html]]>
  </system-out>
</testsuite> <!-- testCases.CartPageTest -->
