<?xml version="1.0" encoding="UTF-8"?>
<!-- Generated by org.testng.reporters.JUnitReportReporter -->
<testsuite hostname="LAPTOP-O53IEP09" failures="0" tests="3" name="testCases.Inventory_Page_Test" time="16.573" errors="0" timestamp="2024-04-22T19:00:09 IST" skipped="0">
  <testcase classname="testCases.Inventory_Page_Test" name="verifyTwitterLogo" time="5.049"/>
  <system-out>
    <![CDATA[Twitter Logo is Present = true]]>
  </system-out>
  <testcase classname="testCases.Inventory_Page_Test" name="remove6Products" time="5.602"/>
  <system-out>
    <![CDATA[Total product removed to the cart =1]]>
  </system-out>
  <testcase classname="testCases.Inventory_Page_Test" name="add6Products" time="5.922"/>
  <system-out>
    <![CDATA[Total product added to the cart = 6]]>
  </system-out>
</testsuite> <!-- testCases.Inventory_Page_Test -->
