<?xml version="1.0" encoding="UTF-8"?>
<!-- Generated by org.testng.reporters.JUnitReportReporter -->
<testsuite hostname="LAPTOP-O53IEP09" failures="0" tests="1" name="testCases.CheckOutPage1Test" time="8.369" errors="0" timestamp="2024-04-22T18:57:25 IST" skipped="0">
  <testcase classname="testCases.CheckOutPage1Test" name="inputInfoTest" time="8.369"/>
  <system-out>
    <![CDATA[checkout page 2 URL = https://www.saucedemo.com/checkout-step-two.html]]>
  </system-out>
</testsuite> <!-- testCases.CheckOutPage1Test -->
