<?xml version="1.0" encoding="UTF-8"?>
<!-- Generated by org.testng.reporters.JUnitReportReporter -->
<testsuite hostname="LAPTOP-O53IEP09" failures="0" tests="3" name="testCases.LogInPageTest" time="23.107" errors="0" timestamp="2024-04-23T12:12:07 IST" skipped="0">
  <testcase classname="testCases.LogInPageTest" name="LoginToApplicationTest" time="7.838"/>
  <system-out/>
  <testcase classname="testCases.LogInPageTest" name="verifyURLofApplicationTest" time="10.725"/>
  <system-out/>
  <testcase classname="testCases.LogInPageTest" name="verifyTitleOfApplicationTest" time="4.544"/>
  <system-out/>
</testsuite> <!-- testCases.LogInPageTest -->
